<?xml version="1.0" encoding="UTF-8"?>
<!-- Generated by org.testng.reporters.JUnitXMLReporter -->
<testsuite hostname="D5CG4501LL5" name="Demo Test 1" tests="1" failures="1" timestamp="8 May 2017 07:50:18 GMT" time="920.52" errors="0">
  <testcase name="runCukes" time="919.902" classname="com.stepdefinition.TestRunner1">
    <failure type="cucumber.runtime.CucumberException" message="org.openqa.selenium.TimeoutException: Timed out after 10 seconds waiting for element to be clickable: [[ChromeDriver: chrome on XP (95e4c36b59a4e2bdd672866edf92170c)] -&amp;gt; id: guestManagement-lnk]
Build info: version: &amp;apos;2.53.0&amp;apos;, revision: &amp;apos;35ae25b1534ae328c771e0856c93e187490ca824&amp;apos;, time: &amp;apos;2016-03-15 10:43:46&amp;apos;
System info: host: &amp;apos;D5CG4501LL5&amp;apos;, ip: &amp;apos;10.164.34.148&amp;apos;, os.name: &amp;apos;Windows 7&amp;apos;, os.arch: &amp;apos;amd64&amp;apos;, os.version: &amp;apos;6.1&amp;apos;, java.version: &amp;apos;1.8.0_121&amp;apos;
Driver info: org.openqa.selenium.chrome.ChromeDriver
Capabilities [{applicationCacheEnabled=false, rotatable=false, mobileEmulationEnabled=false, networkConnectionEnabled=false, chrome={chromedriverVersion=2.29.461591 (62ebf098771772160f391d75e589dc567915b233), userDataDir=C:\Users\SG0958~1\AppData\Local\Temp\scoped_dir12668_15123}, takesHeapSnapshot=true, pageLoadStrategy=normal, databaseEnabled=false, handlesAlerts=true, hasTouchScreen=false, version=58.0.3029.81, platform=XP, browserConnectionEnabled=false, nativeEvents=true, acceptSslCerts=true, locationContextEnabled=true, webStorageEnabled=true, browserName=chrome, takesScreenshot=true, javascriptEnabled=true, cssSelectorsEnabled=true, unexpectedAlertBehaviour=}]
Session ID: 95e4c36b59a4e2bdd672866edf92170c">
      <![CDATA[cucumber.runtime.CucumberException: org.openqa.selenium.TimeoutException: Timed out after 10 seconds waiting for element to be clickable: [[ChromeDriver: chrome on XP (95e4c36b59a4e2bdd672866edf92170c)] -> id: guestManagement-lnk]
Build info: version: '2.53.0', revision: '35ae25b1534ae328c771e0856c93e187490ca824', time: '2016-03-15 10:43:46'
System info: host: 'D5CG4501LL5', ip: '10.164.34.148', os.name: 'Windows 7', os.arch: 'amd64', os.version: '6.1', java.version: '1.8.0_121'
Driver info: org.openqa.selenium.chrome.ChromeDriver
Capabilities [{applicationCacheEnabled=false, rotatable=false, mobileEmulationEnabled=false, networkConnectionEnabled=false, chrome={chromedriverVersion=2.29.461591 (62ebf098771772160f391d75e589dc567915b233), userDataDir=C:\Users\SG0958~1\AppData\Local\Temp\scoped_dir12668_15123}, takesHeapSnapshot=true, pageLoadStrategy=normal, databaseEnabled=false, handlesAlerts=true, hasTouchScreen=false, version=58.0.3029.81, platform=XP, browserConnectionEnabled=false, nativeEvents=true, acceptSslCerts=true, locationContextEnabled=true, webStorageEnabled=true, browserName=chrome, takesScreenshot=true, javascriptEnabled=true, cssSelectorsEnabled=true, unexpectedAlertBehaviour=}]
Session ID: 95e4c36b59a4e2bdd672866edf92170c
	at cucumber.api.testng.TestNGCucumberRunner.runCukes(TestNGCucumberRunner.java:57)
	at com.stepdefinition.TestRunner1.runCukes(TestRunner1.java:29)
Caused by: org.openqa.selenium.TimeoutException: Timed out after 10 seconds waiting for element to be clickable: [[ChromeDriver: chrome on XP (95e4c36b59a4e2bdd672866edf92170c)] -> id: guestManagement-lnk]
Build info: version: '2.53.0', revision: '35ae25b1534ae328c771e0856c93e187490ca824', time: '2016-03-15 10:43:46'
System info: host: 'D5CG4501LL5', ip: '10.164.34.148', os.name: 'Windows 7', os.arch: 'amd64', os.version: '6.1', java.version: '1.8.0_121'
Driver info: org.openqa.selenium.chrome.ChromeDriver
Capabilities [{applicationCacheEnabled=false, rotatable=false, mobileEmulationEnabled=false, networkConnectionEnabled=false, chrome={chromedriverVersion=2.29.461591 (62ebf098771772160f391d75e589dc567915b233), userDataDir=C:\Users\SG0958~1\AppData\Local\Temp\scoped_dir12668_15123}, takesHeapSnapshot=true, pageLoadStrategy=normal, databaseEnabled=false, handlesAlerts=true, hasTouchScreen=false, version=58.0.3029.81, platform=XP, browserConnectionEnabled=false, nativeEvents=true, acceptSslCerts=true, locationContextEnabled=true, webStorageEnabled=true, browserName=chrome, takesScreenshot=true, javascriptEnabled=true, cssSelectorsEnabled=true, unexpectedAlertBehaviour=}]
Session ID: 95e4c36b59a4e2bdd672866edf92170c
	at org.openqa.selenium.support.ui.WebDriverWait.timeoutException(WebDriverWait.java:80)
	at org.openqa.selenium.support.ui.FluentWait.until(FluentWait.java:261)
	at com.resources.FunctionalLibrary.waitForElementClickable(FunctionalLibrary.java:371)
	at com.stepdefinition.CommonSteps.iAmOnGuestBoardPage(CommonSteps.java:155)
	at âœ½.Given I am on the guestboard page for guest "12" using "5"(Accounting/Accounting_TC_007.feature:6)
... Removed 24 stack frames]]>
    </failure>
  </testcase> <!-- runCukes -->
</testsuite> <!-- Demo Test 1 -->
